3
1
4
1
5
9
2
6
=========
n = 8 log_n = 3
root = 0x2b337de1c8c14f22ec9b9e2f96afef3652627366f8170a0a948dad4ac1bd5e80
root_inv = 0x130b17119778465cfb3acaee30f81dee20710ead41671f568b11d9ab07b95a9b
Done precompute
CPU Duration 1 = 20
0x000000000000000000000000000000000000000000000000000000000000001f
0x27f55afaf678a7b26da0f836c50eff7169c5993a6817e6796897b531f7943d75
0x30644e72e131a0279d01bedebc861252c6569e5404e762a1e1722229ce50a2a2
0x211fe009925ee78e12f67b2b1ca622cd4e978b9b1ec4b2ec3b2e385116378fee
0x30644e72e131a029b85045b68181585d2833e84879b9709143e1f593effffffe
0x086ef377eab8f8747b9bef0ab5cdfb88914741c820897783580a7bd4762c9b5c
0x00000000000000021b4e86d7c4fb460a61dd49f474d20def626fd36a21af5d63
0x0f446e694ed2b89e746d29006b7f92f306c369f34c0cd0398bf381d05c07973b
0xd1dd056d38a9799c643635306464316400000000000002110000000000000000
0x3131323030303030303030303030303030333033303330333033303330333033
CPU: 
0x0000000000000000000000000000000000000000000000000000000000000001
0x0000000000000000000000000000000000000000000000000000000000000001
0x0000000000000000b3c4d79d41a91758cb49c3517c4604a520cff123608fc9cb
0x0000000000000000000000000000000000000000000000000000000000000001
0x130b17119778465cfb3acaee30f81dee20710ead41671f568b11d9ab07b95a9b
0x0000000000000000b3c4d79d41a91758cb49c3517c4604a520cff123608fc9cb
0x0530d09118705106cbb4a786ead16926d5d174e181a26686af5448492e42a181
0x0000000000000000000000000000000000000000000000000000000000000000

CPU inv_n = 0x2a57c4a4850b6c2481463cffb1512d51832d6b3f6a82427f1b65b6e172000001
CPU Duration 2 = 87
0x0000000000000000000000000000000000000000000000000000000000000003
0x0000000000000000000000000000000000000000000000000000000000000001
0x0000000000000000000000000000000000000000000000000000000000000004
0x0000000000000000000000000000000000000000000000000000000000000001
0x0000000000000000000000000000000000000000000000000000000000000005
0x0000000000000000000000000000000000000000000000000000000000000009
0x0000000000000000000000000000000000000000000000000000000000000002
0x0000000000000000000000000000000000000000000000000000000000000006
0xd1dd056d38a9799c643635306464316400000000000002110000000000000000
0x3131323030303030303030303030303030333033303330333033303330333033
root = 0x2b337de1c8c14f22ec9b9e2f96afef3652627366f8170a0a948dad4ac1bd5e80
root_inv = 0x130b17119778465cfb3acaee30f81dee20710ead41671f568b11d9ab07b95a9b
GPU: 
0x0000000000000000000000000000000000000000000000000000000000000001
0x0000000000000000000000000000000000000000000000000000000000000001
0x0000000000000000b3c4d79d41a91758cb49c3517c4604a520cff123608fc9cb
0x0000000000000000000000000000000000000000000000000000000000000001
0x130b17119778465cfb3acaee30f81dee20710ead41671f568b11d9ab07b95a9b
0x0000000000000000b3c4d79d41a91758cb49c3517c4604a520cff123608fc9cb
0x0530d09118705106cbb4a786ead16926d5d174e181a26686af5448492e42a181
0x0000000000000000000000000000000000000000000000000000000000000000

GPU inv_n = 0x2a57c4a4850b6c2481463cffb1512d51832d6b3f6a82427f1b65b6e172000001
GPU num_blocks = 1, num_threads = 4
GPU Kernel running time: 188886 microseconds
0x000000000000000000000000000000000000000000000000000000000000001f
0x27f55afaf678a7b26da0f836c50eff7169c5993a6817e6796897b531f7943d75
0x30644e72e131a0279d01bedebc861252c6569e5404e762a1e1722229ce50a2a2
0x211fe009925ee78e12f67b2b1ca622cd4e978b9b1ec4b2ec3b2e385116378fee
0x30644e72e131a029b85045b68181585d2833e84879b9709143e1f593effffffe
0x086ef377eab8f8747b9bef0ab5cdfb88914741c820897783580a7bd4762c9b5c
0x00000000000000021b4e86d7c4fb460a61dd49f474d20def626fd36a21af5d63
0x0f446e694ed2b89e746d29006b7f92f306c369f34c0cd0398bf381d05c07973b
0x000055fc9d009140000055fc9cff52b000000000000357910000000000000000
0x0000000000000000000000000000000000000000000000000000000000000000
GPU inv_n = 0x2a57c4a4850b6c2481463cffb1512d51832d6b3f6a82427f1b65b6e172000001
GPU num_blocks = 1, num_threads = 4
GPU Kernel running time: 140 microseconds
0x0000000000000000000000000000000000000000000000000000000000000003
0x0000000000000000000000000000000000000000000000000000000000000001
0x0000000000000000000000000000000000000000000000000000000000000004
0x0000000000000000000000000000000000000000000000000000000000000001
0x0000000000000000000000000000000000000000000000000000000000000005
0x0000000000000000000000000000000000000000000000000000000000000009
0x0000000000000000000000000000000000000000000000000000000000000002
0x0000000000000000000000000000000000000000000000000000000000000006
0xd1dd056d38a9799c000055f9c33691d200000000000000610000000000000000
0x0000000800000007000000060000000500000004000000030000000200000001
Test passed!
